<?xml version="1.0" encoding="UTF-8"?>
<testng-results skipped="0" failed="1" total="6" passed="5">
  <reporter-output>
  </reporter-output>
  <suite name="com.qa.training.BingTranslator.BingTest" duration-ms="124225" started-at="2018-07-01T14:52:40Z" finished-at="2018-07-01T14:54:44Z">
    <groups>
    </groups>
    <test name="Command line test" duration-ms="124225" started-at="2018-07-01T14:52:40Z" finished-at="2018-07-01T14:54:44Z">
      <class name="com.qa.training.BingTranslator.BingTest">
        <test-method status="PASS" signature="LaunchBingtranslator()[pri:0, instance:com.qa.training.BingTranslator.BingTest@35f983a6]" name="LaunchBingtranslator" is-config="true" duration-ms="13086" started-at="2018-07-01T20:22:40Z" finished-at="2018-07-01T20:22:53Z">
          <reporter-output>
          </reporter-output>
        </test-method> <!-- LaunchBingtranslator -->
        <test-method status="PASS" signature="checkAutoDetect()[pri:0, instance:com.qa.training.BingTranslator.BingTest@35f983a6]" name="checkAutoDetect" duration-ms="2081" started-at="2018-07-01T20:22:53Z" finished-at="2018-07-01T20:22:55Z">
          <reporter-output>
          </reporter-output>
        </test-method> <!-- checkAutoDetect -->
        <test-method status="PASS" signature="checkTransalteFrom()[pri:0, instance:com.qa.training.BingTranslator.BingTest@35f983a6]" name="checkTransalteFrom" duration-ms="1670" started-at="2018-07-01T20:22:55Z" finished-at="2018-07-01T20:22:57Z">
          <reporter-output>
          </reporter-output>
        </test-method> <!-- checkTransalteFrom -->
        <test-method status="PASS" signature="checkTransalteTo()[pri:0, instance:com.qa.training.BingTranslator.BingTest@35f983a6]" name="checkTransalteTo" duration-ms="495" started-at="2018-07-01T20:22:57Z" finished-at="2018-07-01T20:22:57Z">
          <reporter-output>
          </reporter-output>
        </test-method> <!-- checkTransalteTo -->
        <test-method status="PASS" signature="checkSwapBtn()[pri:0, instance:com.qa.training.BingTranslator.BingTest@35f983a6]" name="checkSwapBtn" duration-ms="3963" started-at="2018-07-01T20:22:57Z" finished-at="2018-07-01T20:23:01Z">
          <reporter-output>
          </reporter-output>
        </test-method> <!-- checkSwapBtn -->
        <test-method status="PASS" signature="getData()[pri:0, instance:com.qa.training.BingTranslator.BingTest@35f983a6]" name="getData" duration-ms="2288" started-at="2018-07-01T20:23:01Z" finished-at="2018-07-01T20:23:04Z">
          <reporter-output>
          </reporter-output>
        </test-method> <!-- getData -->
        <test-method status="FAIL" signature="translationBoundaryValueCheck()[pri:0, instance:com.qa.training.BingTranslator.BingTest@35f983a6]" name="translationBoundaryValueCheck" duration-ms="99529" started-at="2018-07-01T20:23:04Z" finished-at="2018-07-01T20:24:43Z">
          <exception class="java.lang.AssertionError">
            <message>
              <![CDATA[expected [true] but found [false]]]>
            </message>
            <full-stacktrace>
              <![CDATA[java.lang.AssertionError: expected [true] but found [false]
	at org.testng.Assert.fail(Assert.java:94)
	at org.testng.Assert.failNotEquals(Assert.java:494)
	at org.testng.Assert.assertTrue(Assert.java:42)
	at org.testng.Assert.assertTrue(Assert.java:52)
	at com.qa.training.BingTranslator.BingTest.translationBoundaryValueCheck(BingTest.java:67)
	at sun.reflect.NativeMethodAccessorImpl.invoke0(Native Method)
	at sun.reflect.NativeMethodAccessorImpl.invoke(NativeMethodAccessorImpl.java:62)
	at sun.reflect.DelegatingMethodAccessorImpl.invoke(DelegatingMethodAccessorImpl.java:43)
	at java.lang.reflect.Method.invoke(Method.java:498)
	at org.testng.internal.MethodInvocationHelper.invokeMethod(MethodInvocationHelper.java:80)
	at org.testng.internal.Invoker.invokeMethod(Invoker.java:714)
	at org.testng.internal.Invoker.invokeTestMethod(Invoker.java:901)
	at org.testng.internal.Invoker.invokeTestMethods(Invoker.java:1231)
	at org.testng.internal.TestMethodWorker.invokeTestMethods(TestMethodWorker.java:127)
	at org.testng.internal.TestMethodWorker.run(TestMethodWorker.java:111)
	at org.testng.TestRunner.privateRun(TestRunner.java:767)
	at org.testng.TestRunner.run(TestRunner.java:617)
	at org.testng.SuiteRunner.runTest(SuiteRunner.java:334)
	at org.testng.SuiteRunner.runSequentially(SuiteRunner.java:329)
	at org.testng.SuiteRunner.privateRun(SuiteRunner.java:291)
	at org.testng.SuiteRunner.run(SuiteRunner.java:240)
	at org.testng.SuiteRunnerWorker.runSuite(SuiteRunnerWorker.java:52)
	at org.testng.SuiteRunnerWorker.run(SuiteRunnerWorker.java:86)
	at org.testng.TestNG.runSuitesSequentially(TestNG.java:1198)
	at org.testng.TestNG.runSuitesLocally(TestNG.java:1123)
	at org.testng.TestNG.run(TestNG.java:1031)
	at org.apache.maven.surefire.testng.TestNGExecutor.run(TestNGExecutor.java:77)
	at org.apache.maven.surefire.testng.TestNGDirectoryTestSuite.execute(TestNGDirectoryTestSuite.java:110)
	at org.apache.maven.surefire.testng.TestNGProvider.invoke(TestNGProvider.java:106)
	at sun.reflect.NativeMethodAccessorImpl.invoke0(Native Method)
	at sun.reflect.NativeMethodAccessorImpl.invoke(NativeMethodAccessorImpl.java:62)
	at sun.reflect.DelegatingMethodAccessorImpl.invoke(DelegatingMethodAccessorImpl.java:43)
	at java.lang.reflect.Method.invoke(Method.java:498)
	at org.apache.maven.surefire.util.ReflectionUtils.invokeMethodWithArray(ReflectionUtils.java:189)
	at org.apache.maven.surefire.booter.ProviderFactory$ProviderProxy.invoke(ProviderFactory.java:165)
	at org.apache.maven.surefire.booter.ProviderFactory.invokeProvider(ProviderFactory.java:85)
	at org.apache.maven.surefire.booter.ForkedBooter.runSuitesInProcess(ForkedBooter.java:115)
	at org.apache.maven.surefire.booter.ForkedBooter.main(ForkedBooter.java:75)
]]>
            </full-stacktrace>
          </exception> <!-- java.lang.AssertionError -->
          <reporter-output>
          </reporter-output>
        </test-method> <!-- translationBoundaryValueCheck -->
        <test-method status="PASS" signature="close()[pri:0, instance:com.qa.training.BingTranslator.BingTest@35f983a6]" name="close" is-config="true" duration-ms="16" started-at="2018-07-01T20:24:44Z" finished-at="2018-07-01T20:24:44Z">
          <reporter-output>
          </reporter-output>
        </test-method> <!-- close -->
      </class> <!-- com.qa.training.BingTranslator.BingTest -->
    </test> <!-- Command line test -->
  </suite> <!-- com.qa.training.BingTranslator.BingTest -->
</testng-results>
