<?xml version="1.0" encoding="UTF-8"?>
<testng-results skipped="0" failed="1" total="4" passed="3">
  <reporter-output>
  </reporter-output>
  <suite name="Default suite" duration-ms="9655" started-at="2018-06-29T09:15:00Z" finished-at="2018-06-29T09:15:10Z">
    <groups>
    </groups>
    <test name="Default test" duration-ms="9655" started-at="2018-06-29T09:15:00Z" finished-at="2018-06-29T09:15:10Z">
      <class name="com.qa.training.BingTranslator.BingTest">
        <test-method status="PASS" signature="LaunchBingtranslator()[pri:0, instance:com.qa.training.BingTranslator.BingTest@36d4b5c]" name="LaunchBingtranslator" is-config="true" duration-ms="4517" started-at="2018-06-29T14:45:00Z" finished-at="2018-06-29T14:45:05Z">
          <reporter-output>
          </reporter-output>
        </test-method> <!-- LaunchBingtranslator -->
        <test-method status="PASS" signature="checkAutoDetect()[pri:0, instance:com.qa.training.BingTranslator.BingTest@36d4b5c]" name="checkAutoDetect" duration-ms="1929" started-at="2018-06-29T14:45:05Z" finished-at="2018-06-29T14:45:07Z">
          <reporter-output>
          </reporter-output>
        </test-method> <!-- checkAutoDetect -->
        <test-method status="PASS" signature="checkTransalteFrom()[pri:0, instance:com.qa.training.BingTranslator.BingTest@36d4b5c]" name="checkTransalteFrom" duration-ms="1469" started-at="2018-06-29T14:45:07Z" finished-at="2018-06-29T14:45:08Z">
          <reporter-output>
          </reporter-output>
        </test-method> <!-- checkTransalteFrom -->
        <test-method status="PASS" signature="checkTransalteTo()[pri:0, instance:com.qa.training.BingTranslator.BingTest@36d4b5c]" name="checkTransalteTo" duration-ms="364" started-at="2018-06-29T14:45:08Z" finished-at="2018-06-29T14:45:08Z">
          <reporter-output>
          </reporter-output>
        </test-method> <!-- checkTransalteTo -->
        <test-method status="FAIL" signature="checkSwapBtn()[pri:0, instance:com.qa.training.BingTranslator.BingTest@36d4b5c]" name="checkSwapBtn" duration-ms="1352" started-at="2018-06-29T14:45:08Z" finished-at="2018-06-29T14:45:10Z">
          <exception class="java.lang.AssertionError">
            <message>
              <![CDATA[true expected [true] but found [false]]]>
            </message>
            <full-stacktrace>
              <![CDATA[java.lang.AssertionError: true expected [true] but found [false]
	at org.testng.Assert.fail(Assert.java:94)
	at org.testng.Assert.failNotEquals(Assert.java:494)
	at org.testng.Assert.assertTrue(Assert.java:42)
	at com.qa.training.BingTranslator.BingTest.checkSwapBtn(BingTest.java:57)
	at sun.reflect.NativeMethodAccessorImpl.invoke0(Native Method)
	at sun.reflect.NativeMethodAccessorImpl.invoke(NativeMethodAccessorImpl.java:62)
	at sun.reflect.DelegatingMethodAccessorImpl.invoke(DelegatingMethodAccessorImpl.java:43)
	at java.lang.reflect.Method.invoke(Method.java:498)
	at org.testng.internal.MethodInvocationHelper.invokeMethod(MethodInvocationHelper.java:80)
	at org.testng.internal.Invoker.invokeMethod(Invoker.java:714)
	at org.testng.internal.Invoker.invokeTestMethod(Invoker.java:901)
	at org.testng.internal.Invoker.invokeTestMethods(Invoker.java:1231)
	at org.testng.internal.TestMethodWorker.invokeTestMethods(TestMethodWorker.java:127)
	at org.testng.internal.TestMethodWorker.run(TestMethodWorker.java:111)
	at org.testng.TestRunner.privateRun(TestRunner.java:767)
	at org.testng.TestRunner.run(TestRunner.java:617)
	at org.testng.SuiteRunner.runTest(SuiteRunner.java:334)
	at org.testng.SuiteRunner.runSequentially(SuiteRunner.java:329)
	at org.testng.SuiteRunner.privateRun(SuiteRunner.java:291)
	at org.testng.SuiteRunner.run(SuiteRunner.java:240)
	at org.testng.SuiteRunnerWorker.runSuite(SuiteRunnerWorker.java:52)
	at org.testng.SuiteRunnerWorker.run(SuiteRunnerWorker.java:86)
	at org.testng.TestNG.runSuitesSequentially(TestNG.java:1198)
	at org.testng.TestNG.runSuitesLocally(TestNG.java:1123)
	at org.testng.TestNG.run(TestNG.java:1031)
	at org.testng.remote.AbstractRemoteTestNG.run(AbstractRemoteTestNG.java:114)
	at org.testng.remote.RemoteTestNG.initAndRun(RemoteTestNG.java:251)
	at org.testng.remote.RemoteTestNG.main(RemoteTestNG.java:77)
]]>
            </full-stacktrace>
          </exception> <!-- java.lang.AssertionError -->
          <reporter-output>
          </reporter-output>
        </test-method> <!-- checkSwapBtn -->
        <test-method status="PASS" signature="close()[pri:0, instance:com.qa.training.BingTranslator.BingTest@36d4b5c]" name="close" is-config="true" duration-ms="0" started-at="2018-06-29T14:45:10Z" finished-at="2018-06-29T14:45:10Z">
          <reporter-output>
          </reporter-output>
        </test-method> <!-- close -->
      </class> <!-- com.qa.training.BingTranslator.BingTest -->
    </test> <!-- Default test -->
  </suite> <!-- Default suite -->
</testng-results>
