<?xml version="1.0" encoding="UTF-8"?>
<!-- Generated by org.testng.reporters.JUnitXMLReporter -->
<testsuite hostname="VIKAS" name="Command line test" tests="6" failures="1" timestamp="1 Jul 2018 14:54:51 GMT" time="124.225" errors="0">
  <testcase name="checkAutoDetect" time="2.081" classname="com.qa.training.BingTranslator.BingTest"/>
  <testcase name="checkTransalteFrom" time="1.67" classname="com.qa.training.BingTranslator.BingTest"/>
  <testcase name="checkTransalteTo" time="0.495" classname="com.qa.training.BingTranslator.BingTest"/>
  <testcase name="checkSwapBtn" time="3.963" classname="com.qa.training.BingTranslator.BingTest"/>
  <testcase name="getData" time="2.288" classname="com.qa.training.BingTranslator.BingTest"/>
  <testcase name="translationBoundaryValueCheck" time="99.529" classname="com.qa.training.BingTranslator.BingTest">
    <failure type="java.lang.AssertionError" message="expected [true] but found [false]">
      <![CDATA[java.lang.AssertionError: expected [true] but found [false]
	at com.qa.training.BingTranslator.BingTest.translationBoundaryValueCheck(BingTest.java:67)
	at org.apache.maven.surefire.testng.TestNGExecutor.run(TestNGExecutor.java:77)
	at org.apache.maven.surefire.testng.TestNGDirectoryTestSuite.execute(TestNGDirectoryTestSuite.java:110)
	at org.apache.maven.surefire.testng.TestNGProvider.invoke(TestNGProvider.java:106)
	at org.apache.maven.surefire.util.ReflectionUtils.invokeMethodWithArray(ReflectionUtils.java:189)
	at org.apache.maven.surefire.booter.ProviderFactory$ProviderProxy.invoke(ProviderFactory.java:165)
	at org.apache.maven.surefire.booter.ProviderFactory.invokeProvider(ProviderFactory.java:85)
	at org.apache.maven.surefire.booter.ForkedBooter.runSuitesInProcess(ForkedBooter.java:115)
	at org.apache.maven.surefire.booter.ForkedBooter.main(ForkedBooter.java:75)
... Removed 29 stack frames]]>
    </failure>
  </testcase> <!-- translationBoundaryValueCheck -->
</testsuite> <!-- Command line test -->
